setup.sh:: EXECUTING: . ./env/setEnv.sh 
setup.sh:: EXECUTING: . ./installs/installJava8.sh
Installing Java 1.8
installJava8.sh: EXECUTING yum install java-1.8.0-openjdk-devel -y
Loaded plugins: priorities, update-motd, upgrade-helper
Package 1:java-1.8.0-openjdk-devel-1.8.0.201.b09-0.43.amzn1.x86_64 already installed and latest version
Nothing to do
installJava8.sh: EXECUTING echo 2 \| /usr/sbin/alternatives --config java

There are 2 programs which provide 'java'.

  Selection    Command
-----------------------------------------------
*  1           /usr/lib/jvm/jre-1.7.0-openjdk.x86_64/bin/java
 + 2           /usr/lib/jvm/jre-1.8.0-openjdk.x86_64/bin/java

Enter to keep the current selection[+], or type selection number: installJava8.sh: EXECUTING echo 2 \| /usr/sbin/alternatives --config javac

error reading choice

There is 1 program that provides 'javac'.

  Selection    Command
-----------------------------------------------
*+ 1           /usr/lib/jvm/java-1.8.0-openjdk.x86_64/bin/javac

Enter to keep the current selection[+], or type selection number: 
There is 1 program that provides 'javac'.

  Selection    Command
-----------------------------------------------
*  1           /usr/lib/jvm/java-1.8.0-openjdk.x86_64/bin/javac

Enter to keep the current selection[+], or type selection number: installJava8.sh: EXECUTING export JAVA_HOME=/usr/lib/jvm/java-1.8.0 >> /etc/profile.d/java.sh
Java 1.8 Installed
setup.sh: EXECUTING: . ./installs/addAppServices.sh
Setup.sh: EXECUTING: cp /tmp/scripts/utils/APP_SERVICES/installs/reinstall.sh /tmp/scripts/utils/APP_SERVICES-RECOVERY.sh
setup.sh: EXECUTING: . ./installs/addCIServices.sh
addCIServices.sh EXECUTING ./env/setEnv.sh
addCIServices.sh EXECUTING: cp -rf ./installs/CI /opt
addCIServices.sh EXECUTING: rm /sbin/cloudInit
addCIServices.sh EXECUTING: ln -s /sbin/cloudInit.d //opt/CI/bin/cloudInit
addCIServices.sh EXECUTING: chmod 755 /cloudInit //opt/CI/bin/cloudInit.d
chmod: cannot access ‘/cloudInit’: No such file or directory
addCIServices.sh EXECUTING: chmod -R 755 /services/services
chmod: cannot access ‘/services/services’: No such file or directory
setup.sh: EXECUTING: . //opt/CI/bin/startCloudInitialiserService.sh
EXECUTING startCloudInitialiserService.sh: cloudInit start java -Dserver.port=9090 -jar /services/jobs/java/libs/cloud-initialiser-1.3.5.RELEASE.war
tee: /opt/CI/services/logs/19-07-09.log: No such file or directory
16:32:01><======== Executing service apps start java -Dserver.port=9090 -jar /services/jobs/java/libs/cloud-initialiser-1.3.5.RELEASE.war ========>
tee: /opt/CI/services/logs/19-07-09.log: No such file or directory
16:32:01>Starting Services
tee: /opt/CI/services/logs/19-07-09.log: No such file or directory
16:32:01>start(java) EXECUTING: echo java -Dserver.port=9090 -jar /services/jobs/java/libs/cloud-initialiser-1.3.5.RELEASE.war &

  .   ____          _            __ _ _
 /\\ / ___'_ __ _ _(_)_ __  __ _ \ \ \ \
( ( )\___ | '_ | '_| | '_ \/ _` | \ \ \ \
 \\/  ___)| |_)| | | | | || (_| |  ) ) ) )
  '  |____| .__|_| |_|_| |_\__, | / / / /
 =========|_|==============|___/=/_/_/_/
 :: Spring Boot ::        (v1.3.5.RELEASE)

2019-07-09 16:32:03.267  INFO 27885 --- [           main] s.ci.applications.WebApplication         : Starting WebApplication on ip-172-31-0-183 with PID 27885 (started by root in /tmp/scripts/utils/APP_SERVICES)
2019-07-09 16:32:03.276  INFO 27885 --- [           main] s.ci.applications.WebApplication         : No active profile set, falling back to default profiles: default
2019-07-09 16:32:03.452  INFO 27885 --- [           main] ationConfigEmbeddedWebApplicationContext : Refreshing org.springframework.boot.context.embedded.AnnotationConfigEmbeddedWebApplicationContext@561fbf63: startup date [Tue Jul 09 16:32:03 UTC 2019]; root of context hierarchy
2019-07-09 16:32:06.609  INFO 27885 --- [           main] s.b.c.e.t.TomcatEmbeddedServletContainer : Tomcat initialized with port(s): 9090 (http)
2019-07-09 16:32:06.651  INFO 27885 --- [           main] o.apache.catalina.core.StandardService   : Starting service Tomcat
2019-07-09 16:32:06.652  INFO 27885 --- [           main] org.apache.catalina.core.StandardEngine  : Starting Servlet Engine: Apache Tomcat/8.0.33
2019-07-09 16:32:08.579  INFO 27885 --- [ost-startStop-1] org.apache.jasper.servlet.TldScanner     : At least one JAR was scanned for TLDs yet contained no TLDs. Enable debug logging for this logger for a complete list of JARs that were scanned but no TLDs were found in them. Skipping unneeded JARs during scanning can improve startup time and JSP compilation time.
2019-07-09 16:32:08.737  INFO 27885 --- [ost-startStop-1] o.a.c.c.C.[Tomcat].[localhost].[/]       : Initializing Spring embedded WebApplicationContext
2019-07-09 16:32:08.737  INFO 27885 --- [ost-startStop-1] o.s.web.context.ContextLoader            : Root WebApplicationContext: initialization completed in 5297 ms
2019-07-09 16:32:09.408  INFO 27885 --- [ost-startStop-1] o.s.b.c.e.ServletRegistrationBean        : Mapping servlet: 'dispatcherServlet' to [/]
2019-07-09 16:32:09.416  INFO 27885 --- [ost-startStop-1] o.s.b.c.embedded.FilterRegistrationBean  : Mapping filter: 'characterEncodingFilter' to: [/*]
2019-07-09 16:32:09.417  INFO 27885 --- [ost-startStop-1] o.s.b.c.embedded.FilterRegistrationBean  : Mapping filter: 'hiddenHttpMethodFilter' to: [/*]
2019-07-09 16:32:09.417  INFO 27885 --- [ost-startStop-1] o.s.b.c.embedded.FilterRegistrationBean  : Mapping filter: 'httpPutFormContentFilter' to: [/*]
2019-07-09 16:32:09.417  INFO 27885 --- [ost-startStop-1] o.s.b.c.embedded.FilterRegistrationBean  : Mapping filter: 'requestContextFilter' to: [/*]
2019-07-09 16:32:09.959  INFO 27885 --- [           main] s.w.s.m.m.a.RequestMappingHandlerAdapter : Looking for @ControllerAdvice: org.springframework.boot.context.embedded.AnnotationConfigEmbeddedWebApplicationContext@561fbf63: startup date [Tue Jul 09 16:32:03 UTC 2019]; root of context hierarchy
2019-07-09 16:32:10.097  INFO 27885 --- [           main] s.w.s.m.m.a.RequestMappingHandlerMapping : Mapped "{[/error],produces=[text/html]}" onto public org.springframework.web.servlet.ModelAndView org.springframework.boot.autoconfigure.web.BasicErrorController.errorHtml(javax.servlet.http.HttpServletRequest,javax.servlet.http.HttpServletResponse)
2019-07-09 16:32:10.098  INFO 27885 --- [           main] s.w.s.m.m.a.RequestMappingHandlerMapping : Mapped "{[/error]}" onto public org.springframework.http.ResponseEntity<java.util.Map<java.lang.String, java.lang.Object>> org.springframework.boot.autoconfigure.web.BasicErrorController.error(javax.servlet.http.HttpServletRequest)
2019-07-09 16:32:10.109  INFO 27885 --- [           main] o.s.w.s.c.a.WebMvcConfigurerAdapter      : Adding welcome page: ServletContext resource [/index.html]
2019-07-09 16:32:10.136  INFO 27885 --- [           main] o.s.w.s.handler.SimpleUrlHandlerMapping  : Root mapping to handler of type [class org.springframework.web.servlet.mvc.ParameterizableViewController]
2019-07-09 16:32:10.165  INFO 27885 --- [           main] o.s.w.s.handler.SimpleUrlHandlerMapping  : Mapped URL path [/webjars/**] onto handler of type [class org.springframework.web.servlet.resource.ResourceHttpRequestHandler]
2019-07-09 16:32:10.167  INFO 27885 --- [           main] o.s.w.s.handler.SimpleUrlHandlerMapping  : Mapped URL path [/**] onto handler of type [class org.springframework.web.servlet.resource.ResourceHttpRequestHandler]
2019-07-09 16:32:10.269  INFO 27885 --- [           main] o.s.w.s.handler.SimpleUrlHandlerMapping  : Mapped URL path [/**/favicon.ico] onto handler of type [class org.springframework.web.servlet.resource.ResourceHttpRequestHandler]
2019-07-09 16:32:10.466  INFO 27885 --- [           main] o.s.j.e.a.AnnotationMBeanExporter        : Registering beans for JMX exposure on startup
2019-07-09 16:32:10.612  INFO 27885 --- [           main] s.b.c.e.t.TomcatEmbeddedServletContainer : Tomcat started on port(s): 9090 (http)
2019-07-09 16:32:10.616  INFO 27885 --- [           main] s.ci.applications.WebApplication         : Started WebApplication in 8.121 seconds (JVM running for 8.957)
